0 info it worked if it ends with ok
1 verbose cli [ '/usr/local/bin/node',
1 verbose cli   '/usr/local/bin/Npm',
1 verbose cli   'install',
1 verbose cli   'gulp',
1 verbose cli   '—save-dev' ]
2 info using npm@3.8.6
3 info using node@v5.11.0
4 silly loadCurrentTree Starting
5 silly install loadCurrentTree
6 silly install readLocalPackageData
7 silly fetchPackageMetaData gulp@^3.9.1
8 silly fetchPackageMetaData —save-dev
9 silly fetchNamedPackageData gulp
10 silly mapToRegistry name gulp
11 silly mapToRegistry using default registry
12 silly mapToRegistry registry https://registry.npmjs.org/
13 silly mapToRegistry data Result {
13 silly mapToRegistry   raw: 'gulp',
13 silly mapToRegistry   scope: null,
13 silly mapToRegistry   name: 'gulp',
13 silly mapToRegistry   rawSpec: '',
13 silly mapToRegistry   spec: 'latest',
13 silly mapToRegistry   type: 'tag' }
14 silly mapToRegistry uri https://registry.npmjs.org/gulp
15 silly fetchOtherPackageData —save-dev
16 silly cache add args [ '—save-dev', null ]
17 verbose cache add spec —save-dev
18 silly cache add parsed spec Result {
18 silly cache add   raw: '—save-dev',
18 silly cache add   scope: null,
18 silly cache add   name: null,
18 silly cache add   rawSpec: '—save-dev',
18 silly cache add   spec: '/Users/daniella/fknt/fknt_site/site/—save-dev',
18 silly cache add   type: 'local' }
19 error addLocal Could not install /Users/daniella/fknt/fknt_site/site/—save-dev
20 silly fetchPackageMetaData Error: ENOENT: no such file or directory, open '/Users/daniella/fknt/fknt_site/site/—save-dev'
20 silly fetchPackageMetaData     at Error (native)
20 silly fetchPackageMetaData  error for —save-dev { [Error: ENOENT: no such file or directory, open '/Users/daniella/fknt/fknt_site/site/—save-dev']
20 silly fetchPackageMetaData   errno: -2,
20 silly fetchPackageMetaData   code: 'ENOENT',
20 silly fetchPackageMetaData   syscall: 'open',
20 silly fetchPackageMetaData   path: '/Users/daniella/fknt/fknt_site/site/—save-dev' }
21 verbose request uri https://registry.npmjs.org/gulp
22 verbose request no auth needed
23 info attempt registry request try #1 at 8:04:40 AM
24 verbose request id 4216ca9f594c66ab
25 verbose etag W/"589ef8bd-1cdb9"
26 verbose lastModified Sat, 11 Feb 2017 11:42:53 GMT
27 http request GET https://registry.npmjs.org/gulp
28 verbose stack TypeError: The header content contains invalid characters
28 verbose stack     at ClientRequest.OutgoingMessage.setHeader (_http_outgoing.js:348:11)
28 verbose stack     at new ClientRequest (_http_client.js:85:14)
28 verbose stack     at Object.exports.request (http.js:31:10)
28 verbose stack     at Object.exports.request (https.js:196:15)
28 verbose stack     at Request.start (/usr/local/lib/node_modules/npm/node_modules/request/request.js:747:30)
28 verbose stack     at Request.end (/usr/local/lib/node_modules/npm/node_modules/request/request.js:1381:10)
28 verbose stack     at end (/usr/local/lib/node_modules/npm/node_modules/request/request.js:575:14)
28 verbose stack     at Immediate._onImmediate (/usr/local/lib/node_modules/npm/node_modules/request/request.js:589:7)
28 verbose stack     at tryOnImmediate (timers.js:534:15)
28 verbose stack     at processImmediate [as _immediateCallback] (timers.js:514:5)
29 verbose cwd /Users/daniella/fknt/fknt_site/site
30 error Darwin 16.4.0
31 error argv "/usr/local/bin/node" "/usr/local/bin/Npm" "install" "gulp" "—save-dev"
32 error node v5.11.0
33 error npm  v3.8.6
34 error The header content contains invalid characters
35 error If you need help, you may report this error at:
35 error     <https://github.com/npm/npm/issues>
36 verbose exit [ 1, true ]
